{"C:\\graphQL\\client\\src\\context\\Ctx.tsx": {"path":"C:\\graphQL\\client\\src\\context\\Ctx.tsx","statementMap":{"0":{"start":{"line":15,"column":28},"end":{"line":20,"column":3}},"1":{"start":{"line":16,"column":4},"end":{"line":19,"column":7}},"2":{"start":{"line":22,"column":50},"end":{"line":22,"column":79}}},"fnMap":{"0":{"name":"(anonymous_0)","decl":{"start":{"line":15,"column":28},"end":{"line":15,"column":29}},"loc":{"start":{"line":15,"column":50},"end":{"line":20,"column":3}},"line":15}},"branchMap":{},"s":{"0":1,"1":1,"2":1},"f":{"0":1},"b":{},"_coverageSchema":"1a1c01bbd47fc00a2c39e90264f33305004495a9","hash":"50dae687c93ed90ef667becbd137e9b61f8258fc"}
,"C:\\graphQL\\client\\src\\graphqlOperation\\mutation.ts": {"path":"C:\\graphQL\\client\\src\\graphqlOperation\\mutation.ts","statementMap":{"0":{"start":{"line":3,"column":29},"end":{"line":11,"column":3}},"1":{"start":{"line":12,"column":28},"end":{"line":18,"column":4}},"2":{"start":{"line":20,"column":29},"end":{"line":26,"column":4}},"3":{"start":{"line":28,"column":29},"end":{"line":34,"column":4}},"4":{"start":{"line":36,"column":28},"end":{"line":42,"column":3}}},"fnMap":{},"branchMap":{},"s":{"0":1,"1":1,"2":1,"3":1,"4":1},"f":{},"b":{},"_coverageSchema":"1a1c01bbd47fc00a2c39e90264f33305004495a9","hash":"638306cd8ac55a3fd4f8fcf0962f62b38548b152"}
,"C:\\graphQL\\client\\src\\graphqlOperation\\queries.ts": {"path":"C:\\graphQL\\client\\src\\graphqlOperation\\queries.ts","statementMap":{"0":{"start":{"line":3,"column":29},"end":{"line":15,"column":1}},"1":{"start":{"line":18,"column":34},"end":{"line":26,"column":1}},"2":{"start":{"line":27,"column":30},"end":{"line":33,"column":2}},"3":{"start":{"line":35,"column":28},"end":{"line":46,"column":2}}},"fnMap":{},"branchMap":{},"s":{"0":1,"1":1,"2":1,"3":1},"f":{},"b":{},"_coverageSchema":"1a1c01bbd47fc00a2c39e90264f33305004495a9","hash":"2a8d197d14a09e7378883d31ae05901cf9a72b77"}
,"C:\\graphQL\\client\\src\\pages\\CreateBook.tsx": {"path":"C:\\graphQL\\client\\src\\pages\\CreateBook.tsx","statementMap":{"0":{"start":{"line":19,"column":19},"end":{"line":172,"column":1}},"1":{"start":{"line":20,"column":31},"end":{"line":25,"column":3}},"2":{"start":{"line":27,"column":24},"end":{"line":27,"column":39}},"3":{"start":{"line":28,"column":15},"end":{"line":28,"column":32}},"4":{"start":{"line":29,"column":17},"end":{"line":29,"column":28}},"5":{"start":{"line":30,"column":21},"end":{"line":30,"column":38}},"6":{"start":{"line":32,"column":19},"end":{"line":32,"column":32}},"7":{"start":{"line":34,"column":55},"end":{"line":39,"column":4}},"8":{"start":{"line":46,"column":6},"end":{"line":48,"column":4}},"9":{"start":{"line":49,"column":2},"end":{"line":55,"column":26}},"10":{"start":{"line":50,"column":19},"end":{"line":53,"column":5}},"11":{"start":{"line":54,"column":4},"end":{"line":54,"column":20}},"12":{"start":{"line":60,"column":6},"end":{"line":62,"column":4}},"13":{"start":{"line":64,"column":24},"end":{"line":80,"column":3}},"14":{"start":{"line":65,"column":18},"end":{"line":68,"column":5}},"15":{"start":{"line":69,"column":18},"end":{"line":69,"column":48}},"16":{"start":{"line":70,"column":4},"end":{"line":79,"column":5}},"17":{"start":{"line":71,"column":6},"end":{"line":76,"column":9}},"18":{"start":{"line":77,"column":6},"end":{"line":77,"column":29}},"19":{"start":{"line":78,"column":6},"end":{"line":78,"column":32}},"20":{"start":{"line":81,"column":2},"end":{"line":83,"column":3}},"21":{"start":{"line":82,"column":4},"end":{"line":82,"column":79}},"22":{"start":{"line":90,"column":6},"end":{"line":92,"column":4}},"23":{"start":{"line":94,"column":24},"end":{"line":110,"column":3}},"24":{"start":{"line":95,"column":18},"end":{"line":99,"column":5}},"25":{"start":{"line":100,"column":18},"end":{"line":100,"column":48}},"26":{"start":{"line":101,"column":4},"end":{"line":109,"column":5}},"27":{"start":{"line":102,"column":6},"end":{"line":106,"column":9}},"28":{"start":{"line":107,"column":6},"end":{"line":107,"column":29}},"29":{"start":{"line":108,"column":6},"end":{"line":108,"column":32}},"30":{"start":{"line":111,"column":2},"end":{"line":113,"column":3}},"31":{"start":{"line":112,"column":4},"end":{"line":112,"column":56}},"32":{"start":{"line":114,"column":2},"end":{"line":116,"column":3}},"33":{"start":{"line":115,"column":4},"end":{"line":115,"column":25}},"34":{"start":{"line":117,"column":2},"end":{"line":171,"column":4}},"35":{"start":{"line":146,"column":22},"end":{"line":146,"column":91}},"36":{"start":{"line":157,"column":22},"end":{"line":158,"column":47}}},"fnMap":{"0":{"name":"(anonymous_0)","decl":{"start":{"line":19,"column":19},"end":{"line":19,"column":20}},"loc":{"start":{"line":19,"column":25},"end":{"line":172,"column":1}},"line":19},"1":{"name":"(anonymous_1)","decl":{"start":{"line":49,"column":12},"end":{"line":49,"column":13}},"loc":{"start":{"line":49,"column":18},"end":{"line":55,"column":3}},"line":49},"2":{"name":"(anonymous_2)","decl":{"start":{"line":64,"column":24},"end":{"line":64,"column":25}},"loc":{"start":{"line":64,"column":46},"end":{"line":80,"column":3}},"line":64},"3":{"name":"(anonymous_3)","decl":{"start":{"line":94,"column":24},"end":{"line":94,"column":25}},"loc":{"start":{"line":94,"column":46},"end":{"line":110,"column":3}},"line":94},"4":{"name":"(anonymous_4)","decl":{"start":{"line":145,"column":28},"end":{"line":145,"column":29}},"loc":{"start":{"line":146,"column":22},"end":{"line":146,"column":91}},"line":146},"5":{"name":"(anonymous_5)","decl":{"start":{"line":156,"column":28},"end":{"line":156,"column":29}},"loc":{"start":{"line":157,"column":22},"end":{"line":158,"column":47}},"line":157}},"branchMap":{"0":{"loc":{"start":{"line":30,"column":21},"end":{"line":30,"column":38}},"type":"cond-expr","locations":[{"start":{"line":30,"column":26},"end":{"line":30,"column":30}},{"start":{"line":30,"column":33},"end":{"line":30,"column":38}}],"line":30},"1":{"loc":{"start":{"line":70,"column":4},"end":{"line":79,"column":5}},"type":"if","locations":[{"start":{"line":70,"column":4},"end":{"line":79,"column":5}},{"start":{},"end":{}}],"line":70},"2":{"loc":{"start":{"line":81,"column":2},"end":{"line":83,"column":3}},"type":"if","locations":[{"start":{"line":81,"column":2},"end":{"line":83,"column":3}},{"start":{},"end":{}}],"line":81},"3":{"loc":{"start":{"line":101,"column":4},"end":{"line":109,"column":5}},"type":"if","locations":[{"start":{"line":101,"column":4},"end":{"line":109,"column":5}},{"start":{},"end":{}}],"line":101},"4":{"loc":{"start":{"line":111,"column":2},"end":{"line":113,"column":3}},"type":"if","locations":[{"start":{"line":111,"column":2},"end":{"line":113,"column":3}},{"start":{},"end":{}}],"line":111},"5":{"loc":{"start":{"line":114,"column":2},"end":{"line":116,"column":3}},"type":"if","locations":[{"start":{"line":114,"column":2},"end":{"line":116,"column":3}},{"start":{},"end":{}}],"line":114},"6":{"loc":{"start":{"line":114,"column":6},"end":{"line":114,"column":30}},"type":"binary-expr","locations":[{"start":{"line":114,"column":6},"end":{"line":114,"column":18}},{"start":{"line":114,"column":22},"end":{"line":114,"column":30}}],"line":114},"7":{"loc":{"start":{"line":120,"column":7},"end":{"line":125,"column":11}},"type":"binary-expr","locations":[{"start":{"line":120,"column":7},"end":{"line":120,"column":15}},{"start":{"line":120,"column":19},"end":{"line":120,"column":39}},{"start":{"line":121,"column":8},"end":{"line":123,"column":13}}],"line":120},"8":{"loc":{"start":{"line":128,"column":13},"end":{"line":132,"column":13}},"type":"binary-expr","locations":[{"start":{"line":128,"column":13},"end":{"line":128,"column":22}},{"start":{"line":129,"column":14},"end":{"line":131,"column":21}}],"line":128},"9":{"loc":{"start":{"line":137,"column":18},"end":{"line":137,"column":60}},"type":"cond-expr","locations":[{"start":{"line":137,"column":31},"end":{"line":137,"column":44}},{"start":{"line":137,"column":47},"end":{"line":137,"column":60}}],"line":137}},"s":{"0":1,"1":0,"2":0,"3":0,"4":0,"5":0,"6":0,"7":0,"8":0,"9":0,"10":0,"11":0,"12":0,"13":0,"14":0,"15":0,"16":0,"17":0,"18":0,"19":0,"20":0,"21":0,"22":0,"23":0,"24":0,"25":0,"26":0,"27":0,"28":0,"29":0,"30":0,"31":0,"32":0,"33":0,"34":0,"35":0,"36":0},"f":{"0":0,"1":0,"2":0,"3":0,"4":0,"5":0},"b":{"0":[0,0],"1":[0,0],"2":[0,0],"3":[0,0],"4":[0,0],"5":[0,0],"6":[0,0],"7":[0,0,0],"8":[0,0],"9":[0,0]},"_coverageSchema":"1a1c01bbd47fc00a2c39e90264f33305004495a9","hash":"6a4e9445aff5ace7bebe1552e01872e8e8b22489"}
,"C:\\graphQL\\client\\src\\utlis\\index.ts": {"path":"C:\\graphQL\\client\\src\\utlis\\index.ts","statementMap":{"0":{"start":{"line":8,"column":19},"end":{"line":10,"column":79}},"1":{"start":{"line":10,"column":29},"end":{"line":10,"column":78}},"2":{"start":{"line":11,"column":4},"end":{"line":11,"column":17}},"3":{"start":{"line":14,"column":17},"end":{"line":16,"column":3}}},"fnMap":{"0":{"name":"checkKeyValue","decl":{"start":{"line":6,"column":10},"end":{"line":6,"column":23}},"loc":{"start":{"line":6,"column":33},"end":{"line":12,"column":2}},"line":6},"1":{"name":"(anonymous_1)","decl":{"start":{"line":10,"column":11},"end":{"line":10,"column":12}},"loc":{"start":{"line":10,"column":29},"end":{"line":10,"column":78}},"line":10}},"branchMap":{"0":{"loc":{"start":{"line":10,"column":29},"end":{"line":10,"column":78}},"type":"binary-expr","locations":[{"start":{"line":10,"column":29},"end":{"line":10,"column":69}},{"start":{"line":10,"column":73},"end":{"line":10,"column":78}}],"line":10}},"s":{"0":0,"1":0,"2":0,"3":1},"f":{"0":0,"1":0},"b":{"0":[0,0]},"_coverageSchema":"1a1c01bbd47fc00a2c39e90264f33305004495a9","hash":"45bff86de6a692d716880e9e2ebf4be4c1307a0e"}
}
