TN:
SF:src\context\Ctx.tsx
FN:15,(anonymous_0)
FNF:1
FNH:1
FNDA:1,(anonymous_0)
DA:15,1
DA:16,1
DA:22,1
LF:3
LH:3
BRF:0
BRH:0
end_of_record
TN:
SF:src\graphqlOperation\mutation.ts
FNF:0
FNH:0
DA:3,1
DA:12,1
DA:20,1
DA:28,1
DA:36,1
LF:5
LH:5
BRF:0
BRH:0
end_of_record
TN:
SF:src\graphqlOperation\queries.ts
FNF:0
FNH:0
DA:3,1
DA:18,1
DA:27,1
DA:35,1
LF:4
LH:4
BRF:0
BRH:0
end_of_record
TN:
SF:src\pages\CreateBook.tsx
FN:19,(anonymous_0)
FN:49,(anonymous_1)
FN:64,(anonymous_2)
FN:94,(anonymous_3)
FN:145,(anonymous_4)
FN:156,(anonymous_5)
FNF:6
FNH:0
FNDA:0,(anonymous_0)
FNDA:0,(anonymous_1)
FNDA:0,(anonymous_2)
FNDA:0,(anonymous_3)
FNDA:0,(anonymous_4)
FNDA:0,(anonymous_5)
DA:19,1
DA:20,0
DA:27,0
DA:28,0
DA:29,0
DA:30,0
DA:32,0
DA:34,0
DA:46,0
DA:49,0
DA:50,0
DA:54,0
DA:60,0
DA:64,0
DA:65,0
DA:69,0
DA:70,0
DA:71,0
DA:77,0
DA:78,0
DA:81,0
DA:82,0
DA:90,0
DA:94,0
DA:95,0
DA:100,0
DA:101,0
DA:102,0
DA:107,0
DA:108,0
DA:111,0
DA:112,0
DA:114,0
DA:115,0
DA:117,0
DA:146,0
DA:157,0
LF:37
LH:1
BRDA:30,0,0,0
BRDA:30,0,1,0
BRDA:70,1,0,0
BRDA:70,1,1,0
BRDA:81,2,0,0
BRDA:81,2,1,0
BRDA:101,3,0,0
BRDA:101,3,1,0
BRDA:111,4,0,0
BRDA:111,4,1,0
BRDA:114,5,0,0
BRDA:114,5,1,0
BRDA:114,6,0,0
BRDA:114,6,1,0
BRDA:120,7,0,0
BRDA:120,7,1,0
BRDA:120,7,2,0
BRDA:128,8,0,0
BRDA:128,8,1,0
BRDA:137,9,0,0
BRDA:137,9,1,0
BRF:21
BRH:0
end_of_record
TN:
SF:src\utlis\index.ts
FN:6,checkKeyValue
FN:10,(anonymous_1)
FNF:2
FNH:0
FNDA:0,checkKeyValue
FNDA:0,(anonymous_1)
DA:8,0
DA:10,0
DA:11,0
DA:14,1
LF:4
LH:1
BRDA:10,0,0,0
BRDA:10,0,1,0
BRF:2
BRH:0
end_of_record
